<!DOCTYPE html PUBLIC "-//W3C//DTD XHTML 1.1//EN" "http://www.w3.org/TR/xhtml11/DTD/xhtml11.dtd">
<html xmlns="http://www.w3.org/1999/xhtml"><head><title>TestNG Report</title><style type="text/css">table {margin-bottom:10px;border-collapse:collapse;empty-cells:show}th,td {border:1px solid #009;padding:.25em .5em}th {vertical-align:bottom}td {vertical-align:top}table a {font-weight:bold}.stripe td {background-color: #E6EBF9}.num {text-align:right}.passedodd td {background-color: #3F3}.passedeven td {background-color: #0A0}.skippedodd td {background-color: #DDD}.skippedeven td {background-color: #CCC}.failedodd td,.attn {background-color: #F33}.failedeven td,.stripe .attn {background-color: #D00}.stacktrace {white-space:pre;font-family:monospace}.totop {font-size:85%;text-align:center;border-bottom:2px solid #000}</style></head><body><table><tr><th>Test</th><th># Passed</th><th># Skipped</th><th># Failed</th><th>Time (ms)</th><th>Included Groups</th><th>Excluded Groups</th></tr><tr><th colspan="7">FOCISjp</th></tr><tr><td><a href="#t0">Test</a></td><td class="num">0</td><td class="num">0</td><td class="num attn">2</td><td class="num">87,824</td><td></td><td></td></tr></table><table><thead><tr><th>Class</th><th>Method</th><th>Start</th><th>Time (ms)</th></tr></thead><tbody><tr><th colspan="4">FOCISjp</th></tr></tbody><tbody id="t0"><tr><th colspan="4">Test &#8212; failed (configuration methods)</th></tr><tr class="failedeven"><td rowspan="1">com.agility.focis.jp.initiateJob.BookWithOutTemplate</td><td><a href="#m0">screenShot</a></td><td rowspan="1">1577076422436</td><td rowspan="1">0</td></tr><tr><th colspan="4">Test &#8212; failed</th></tr><tr class="failedeven"><td rowspan="1">com.agility.focis.jp.initiateJob.BookWithOutTemplate</td><td><a href="#m1">initiateJob</a></td><td rowspan="1">1577076333359</td><td rowspan="1">31376</td></tr><tr class="failedodd"><td rowspan="1">com.agility.focis.jp.initiateJob.DefaultOriginOfficeBasedOnMDMConfig</td><td><a href="#m2">basedOnOriginStakeholder</a></td><td rowspan="1">1577076386811</td><td rowspan="1">33670</td></tr><tr><th colspan="4">Test &#8212; skipped (configuration methods)</th></tr><tr class="skippedeven"><td rowspan="1">com.agility.focis.jp.initiateJob.BookWithOutTemplate</td><td><a href="#m3">withTimestamp</a></td><td rowspan="1">1577076422438</td><td rowspan="1">0</td></tr></tbody></table><h2>Test</h2><h3 id="m0">com.agility.focis.jp.initiateJob.BookWithOutTemplate#screenShot</h3><table class="result"><tr><th>Exception</th></tr><tr><td><div class="stacktrace">java.lang.IllegalArgumentException: wrong number of arguments
... Removed 19 stack frames</div></td></tr></table><p class="totop"><a href="#summary">back to summary</a></p><h3 id="m1">com.agility.focis.jp.initiateJob.BookWithOutTemplate#initiateJob</h3><table class="result"><tr class="param"><th>Parameter #1</th></tr><tr class="param stripe"><td>public static void com.agility.focis.jp.initiateJob.BookWithOutTemplate.initiateJob(java.lang.reflect.Method)</td></tr><tr><th>Messages</th></tr><tr><td><div class="messages"><a href='E:\Maven Workspace\JobProcessing\target\surefire-reports\failure_screenshots\initiateJob_23_12_2019_10_16_04.png'> <img src='E:\Maven Workspace\JobProcessing\target\surefire-reports\failure_screenshots\initiateJob_23_12_2019_10_16_04.png' height='100' width='100'/> </a></div></td></tr><tr><th>Exception</th></tr><tr><td><div class="stacktrace">org.openqa.selenium.NoSuchElementException: no such element: Unable to locate element: {&quot;method&quot;:&quot;css selector&quot;,&quot;selector&quot;:&quot;#btnCreateBooking&quot;}
  (Session info: chrome=78.0.3904.87)
For documentation on this error, please visit: http://seleniumhq.org/exceptions/no_such_element.html
Build info: version: &apos;3.14.0&apos;, revision: &apos;aacccce0&apos;, time: &apos;2018-08-02T20:19:58.91Z&apos;
System info: host: &apos;INHYDLRGURAJALA&apos;, ip: &apos;10.138.104.122&apos;, os.name: &apos;Windows 10&apos;, os.arch: &apos;amd64&apos;, os.version: &apos;10.0&apos;, java.version: &apos;1.8.0_211&apos;
Driver info: org.openqa.selenium.chrome.ChromeDriver
Capabilities {acceptInsecureCerts: false, browserName: chrome, browserVersion: 78.0.3904.87, chrome: {chromedriverVersion: 78.0.3904.105 (60e2d8774a81..., userDataDir: C:\Users\RGURAJ~1\AppData\L...}, goog:chromeOptions: {debuggerAddress: localhost:51188}, javascriptEnabled: true, networkConnectionEnabled: false, pageLoadStrategy: normal, platform: XP, platformName: XP, proxy: Proxy(), setWindowRect: true, strictFileInteractability: false, timeouts: {implicit: 0, pageLoad: 300000, script: 30000}, unhandledPromptBehavior: dismiss and notify}
Session ID: 9dbe45839873b9deb4da1af04500bd41
*** Element info: {Using=css selector, value=#btnCreateBooking}
	at org.openqa.selenium.remote.http.W3CHttpResponseCodec.createException(W3CHttpResponseCodec.java:187)
	at org.openqa.selenium.remote.http.W3CHttpResponseCodec.decode(W3CHttpResponseCodec.java:122)
	at org.openqa.selenium.remote.http.W3CHttpResponseCodec.decode(W3CHttpResponseCodec.java:49)
	at org.openqa.selenium.remote.HttpCommandExecutor.execute(HttpCommandExecutor.java:158)
	at org.openqa.selenium.remote.service.DriverCommandExecutor.execute(DriverCommandExecutor.java:83)
	at org.openqa.selenium.remote.RemoteWebDriver.execute(RemoteWebDriver.java:548)
	at org.openqa.selenium.remote.RemoteWebDriver.findElement(RemoteWebDriver.java:322)
	at org.openqa.selenium.remote.RemoteWebDriver.findElementByCssSelector(RemoteWebDriver.java:416)
	at org.openqa.selenium.By$ByCssSelector.findElement(By.java:431)
	at org.openqa.selenium.remote.RemoteWebDriver.findElement(RemoteWebDriver.java:314)
	at com.agility.focis.jp.initiateJob.InitiateJobPage1.bookwithoutemplatebutton(InitiateJobPage1.java:32)
	at com.agility.focis.jp.initiateJob.BookWithOutTemplate.initiateJob(BookWithOutTemplate.java:53)
... Removed 29 stack frames</div></td></tr></table><p class="totop"><a href="#summary">back to summary</a></p><h3 id="m2">com.agility.focis.jp.initiateJob.DefaultOriginOfficeBasedOnMDMConfig#basedOnOriginStakeholder</h3><table class="result"><tr class="param"><th>Parameter #1</th></tr><tr class="param stripe"><td>public void com.agility.focis.jp.initiateJob.DefaultOriginOfficeBasedOnMDMConfig.basedOnOriginStakeholder(java.lang.reflect.Method)</td></tr><tr><th>Messages</th></tr><tr><td><div class="messages"><a href='E:\Maven Workspace\JobProcessing\target\surefire-reports\failure_screenshots\basedOnOriginStakeholder_23_12_2019_10_17_00.png'> <img src='E:\Maven Workspace\JobProcessing\target\surefire-reports\failure_screenshots\basedOnOriginStakeholder_23_12_2019_10_17_00.png' height='100' width='100'/> </a></div></td></tr><tr><th>Exception</th></tr><tr><td><div class="stacktrace">org.openqa.selenium.NoSuchElementException: Cannot locate element with text: Air Freig
For documentation on this error, please visit: http://seleniumhq.org/exceptions/no_such_element.html
Build info: version: &apos;3.14.0&apos;, revision: &apos;aacccce0&apos;, time: &apos;2018-08-02T20:19:58.91Z&apos;
System info: host: &apos;INHYDLRGURAJALA&apos;, ip: &apos;10.138.104.122&apos;, os.name: &apos;Windows 10&apos;, os.arch: &apos;amd64&apos;, os.version: &apos;10.0&apos;, java.version: &apos;1.8.0_211&apos;
Driver info: driver.version: unknown
	at org.openqa.selenium.support.ui.Select.selectByVisibleText(Select.java:151)
	at com.agility.focis.jp.initiateJob.InitiateJobPage1.selectProduct(InitiateJobPage1.java:104)
	at com.agility.focis.jp.initiateJob.DefaultOriginOfficeBasedOnMDMConfig.basedOnOriginStakeholder(DefaultOriginOfficeBasedOnMDMConfig.java:46)
... Removed 25 stack frames</div></td></tr></table><p class="totop"><a href="#summary">back to summary</a></p><h3 id="m3">com.agility.focis.jp.initiateJob.BookWithOutTemplate#withTimestamp</h3><table class="result"></table><p class="totop"><a href="#summary">back to summary</a></p></body></html>